<?xml version="1.0" encoding="UTF-8"?>
<testng-results ignored="0" total="2" passed="2" failed="0" skipped="0">
  <reporter-output>
  </reporter-output>
  <suite started-at="2021-09-25T13:59:41 IST" name="Suite" finished-at="2021-09-25T13:59:56 IST" duration-ms="15346">
    <groups>
    </groups>
    <test started-at="2021-09-25T13:59:41 IST" name="Test" finished-at="2021-09-25T13:59:56 IST" duration-ms="15346">
      <class name="AutomationPracticeBDD.JenkinsDemo.AmazonTest">
        <test-method signature="TC01()[pri:0, instance:AutomationPracticeBDD.JenkinsDemo.AmazonTest@5fd4f8f5]" started-at="2021-09-25T13:59:41 IST" name="TC01" finished-at="2021-09-25T13:59:49 IST" duration-ms="8236" status="PASS">
          <reporter-output>
          </reporter-output>
        </test-method> <!-- TC01 -->
      </class> <!-- AutomationPracticeBDD.JenkinsDemo.AmazonTest -->
      <class name="AutomationPracticeBDD.JenkinsDemo.GoogleTest">
        <test-method signature="TC01()[pri:0, instance:AutomationPracticeBDD.JenkinsDemo.GoogleTest@22e357dc]" started-at="2021-09-25T13:59:49 IST" name="TC01" finished-at="2021-09-25T13:59:56 IST" duration-ms="7070" status="PASS">
          <reporter-output>
          </reporter-output>
        </test-method> <!-- TC01 -->
      </class> <!-- AutomationPracticeBDD.JenkinsDemo.GoogleTest -->
    </test> <!-- Test -->
  </suite> <!-- Suite -->
</testng-results>
