<?xml version="1.0" encoding="UTF-8"?>
<testsuite xmlns:xsi="http://www.w3.org/2001/XMLSchema-instance" xsi:noNamespaceSchemaLocation="https://maven.apache.org/surefire/maven-surefire-plugin/xsd/surefire-test-report-3.0.xsd" version="3.0" name="TestSuite" time="14.198" tests="2" errors="0" skipped="0" failures="0">
  <properties>
[...]
</properties>
  <testcase name="TC01" classname="AutomationPracticeBDD.JenkinsDemo.AmazonTest" time="9.902">
    <system-out><![CDATA[Google
Online Shopping site in India: Shop Online for Mobiles, Books, Watches, Shoes and More - Amazon.in
]]></system-out>
    <system-err><![CDATA[SLF4J: Failed to load class "org.slf4j.impl.StaticLoggerBinder".
SLF4J: Defaulting to no-operation (NOP) logger implementation
SLF4J: See http://www.slf4j.org/codes.html#StaticLoggerBinder for further details.
Starting ChromeDriver 93.0.4577.63 (ff5c0da2ec0adeaed5550e6c7e98417dac77d98a-refs/branch-heads/4577@{#1135}) on port 16273
Only local connections are allowed.
Please see httSpst:/a/rchtrionmegd riCvherr.ochmreoDmirumi.voerrg 9/3.s0.e45c7u7.r6i3t (ffy5-cc0odnas2iedce0raadetaieod5n5s5 0ef6co7er9 8s41u7gdgace7s7dti98oa-nrsef so/bnr ankche-ehepadisn/4g57 7C@{h#1r1o3m5}e)D river osna fpeo.rt 
26790
Only local connections are allowed.
Please see https://chromedriver.chromium.org/security-considerations for suggestions on keeping ChromeDriver safe.
ChromeDriver was started successfully.
ChromeDriver was started successfully.
Sep 27, 2021 8:52:15 AM org.openqa.selenium.remote.ProtocolHandshake createSession
INFO: Detected dialect: W3C
Sep 27, 2021 8:52:15 AM org.openqa.selenium.remote.ProtocolHandshake createSession
INFO: Detected dialect: W3C
]]></system-err>
  </testcase>
  <testcase name="TC01" classname="AutomationPracticeBDD.JenkinsDemo.GoogleTest" time="12.877"/>
</testsuite>