<?xml version="1.0" encoding="UTF-8"?>
<testng-results ignored="0" total="2" passed="2" failed="0" skipped="0">
  <reporter-output>
  </reporter-output>
  <suite started-at="2021-09-25T14:31:27 IST" name="Suite" finished-at="2021-09-25T14:31:36 IST" duration-ms="8365">
    <groups>
    </groups>
    <test started-at="2021-09-25T14:31:27 IST" name="Test" finished-at="2021-09-25T14:31:36 IST" duration-ms="8365">
      <class name="AutomationPracticeBDD.JenkinsDemo.AmazonTest">
        <test-method signature="TC01()[pri:0, instance:AutomationPracticeBDD.JenkinsDemo.AmazonTest@87a85e1]" started-at="2021-09-25T14:31:27 IST" name="TC01" finished-at="2021-09-25T14:31:36 IST" duration-ms="8319" status="PASS">
          <reporter-output>
          </reporter-output>
        </test-method> <!-- TC01 -->
      </class> <!-- AutomationPracticeBDD.JenkinsDemo.AmazonTest -->
      <class name="AutomationPracticeBDD.JenkinsDemo.GoogleTest">
        <test-method signature="TC01()[pri:0, instance:AutomationPracticeBDD.JenkinsDemo.GoogleTest@4ef37659]" started-at="2021-09-25T14:31:27 IST" name="TC01" finished-at="2021-09-25T14:31:35 IST" duration-ms="8074" status="PASS">
          <reporter-output>
          </reporter-output>
        </test-method> <!-- TC01 -->
      </class> <!-- AutomationPracticeBDD.JenkinsDemo.GoogleTest -->
    </test> <!-- Test -->
  </suite> <!-- Suite -->
</testng-results>
